State	
-2.1436e-01	
-2.5832e-01	
-3.1578e-01	
-4.3003e-01	
-4.6679e-01	
-5.1523e-01	
-5.4011e-01	
-5.6968e-01	
-6.2058e-01	
-6.8240e-01	
-6.9419e-01	
-7.1433e-01	
-7.4767e-01	
-7.5763e-01	
-7.6447e-01	
-7.6914e-01	
-7.7501e-01	
-7.7905e-01	
-7.8180e-01	
-7.8526e-01	
-7.2279e-01	
-6.3635e-01	
-5.6824e-01	
-4.7320e-01	
-3.8661e-01	
-2.8886e-01	
-2.3297e-01	
-1.2937e-01	
-4.0875e-02	
 2.6311e-02	
 1.2789e-01	
 2.0834e-01	
 2.8541e-01	
 3.1777e-01	
 3.8503e-01	
 4.6852e-01	
 4.9902e-01	
 5.2763e-01	
 5.6026e-01	
 5.8406e-01	
 6.1087e-01	
 6.5996e-01	
 6.8663e-01	
 7.0492e-01	
 7.2027e-01	
 7.3314e-01	
 7.5298e-01	
 7.6193e-01	
 7.6808e-01	
 7.7674e-01	
 7.8050e-01	
 7.3819e-01	
 6.3249e-01	
 3.7485e-01	
 2.4204e-01	
 1.7870e-01	
 1.2124e-01	
 9.4104e-02	
 3.3042e-02	
 1.6109e-02	
-1.8070e-02	
-6.5428e-02	
-9.3731e-02	
-1.1316e-01	
-1.2641e-01	
-1.4310e-01	
-1.5456e-01	
-1.7222e-01	
-1.7898e-01	
-1.8464e-01	
